22-Aug-2023 15:22:20.460 INFO [main] org.apache.catalina.startup.VersionLoggerListener.log 서버 버전 이름:    Apache Tomcat/9.0.71
22-Aug-2023 15:22:20.464 INFO [main] org.apache.catalina.startup.VersionLoggerListener.log Server 빌드 시각:  Jan 9 2023 22:33:01 UTC
22-Aug-2023 15:22:20.464 INFO [main] org.apache.catalina.startup.VersionLoggerListener.log Server 버전 번호:  9.0.71.0
22-Aug-2023 15:22:20.464 INFO [main] org.apache.catalina.startup.VersionLoggerListener.log 운영체제 이름:     Windows 10
22-Aug-2023 15:22:20.464 INFO [main] org.apache.catalina.startup.VersionLoggerListener.log 운영체제 버전:     10.0
22-Aug-2023 15:22:20.464 INFO [main] org.apache.catalina.startup.VersionLoggerListener.log 아키텍처:          amd64
22-Aug-2023 15:22:20.465 INFO [main] org.apache.catalina.startup.VersionLoggerListener.log 자바 홈:           C:\Program Files\Java\jdk-11
22-Aug-2023 15:22:20.465 INFO [main] org.apache.catalina.startup.VersionLoggerListener.log JVM 버전:          11.0.19+9-LTS-224
22-Aug-2023 15:22:20.465 INFO [main] org.apache.catalina.startup.VersionLoggerListener.log JVM 벤더:          Oracle Corporation
22-Aug-2023 15:22:20.465 INFO [main] org.apache.catalina.startup.VersionLoggerListener.log CATALINA_BASE:     C:\jspworkspace\apache-tomcat-9.0.71
22-Aug-2023 15:22:20.465 INFO [main] org.apache.catalina.startup.VersionLoggerListener.log CATALINA_HOME:     C:\jspworkspace\apache-tomcat-9.0.71
22-Aug-2023 15:22:20.471 INFO [main] org.apache.catalina.startup.VersionLoggerListener.log 명령 행 아규먼트:  --add-opens=java.base/java.lang=ALL-UNNAMED
22-Aug-2023 15:22:20.472 INFO [main] org.apache.catalina.startup.VersionLoggerListener.log 명령 행 아규먼트:  --add-opens=java.base/java.io=ALL-UNNAMED
22-Aug-2023 15:22:20.472 INFO [main] org.apache.catalina.startup.VersionLoggerListener.log 명령 행 아규먼트:  --add-opens=java.base/java.util=ALL-UNNAMED
22-Aug-2023 15:22:20.473 INFO [main] org.apache.catalina.startup.VersionLoggerListener.log 명령 행 아규먼트:  --add-opens=java.base/java.util.concurrent=ALL-UNNAMED
22-Aug-2023 15:22:20.473 INFO [main] org.apache.catalina.startup.VersionLoggerListener.log 명령 행 아규먼트:  --add-opens=java.rmi/sun.rmi.transport=ALL-UNNAMED
22-Aug-2023 15:22:20.473 INFO [main] org.apache.catalina.startup.VersionLoggerListener.log 명령 행 아규먼트:  -Djava.util.logging.config.file=C:\jspworkspace\apache-tomcat-9.0.71\conf\logging.properties
22-Aug-2023 15:22:20.474 INFO [main] org.apache.catalina.startup.VersionLoggerListener.log 명령 행 아규먼트:  -Djava.util.logging.manager=org.apache.juli.ClassLoaderLogManager
22-Aug-2023 15:22:20.474 INFO [main] org.apache.catalina.startup.VersionLoggerListener.log 명령 행 아규먼트:  -Djdk.tls.ephemeralDHKeySize=2048
22-Aug-2023 15:22:20.474 INFO [main] org.apache.catalina.startup.VersionLoggerListener.log 명령 행 아규먼트:  -Djava.protocol.handler.pkgs=org.apache.catalina.webresources
22-Aug-2023 15:22:20.475 INFO [main] org.apache.catalina.startup.VersionLoggerListener.log 명령 행 아규먼트:  -Dignore.endorsed.dirs=
22-Aug-2023 15:22:20.475 INFO [main] org.apache.catalina.startup.VersionLoggerListener.log 명령 행 아규먼트:  -Dcatalina.base=C:\jspworkspace\apache-tomcat-9.0.71
22-Aug-2023 15:22:20.475 INFO [main] org.apache.catalina.startup.VersionLoggerListener.log 명령 행 아규먼트:  -Dcatalina.home=C:\jspworkspace\apache-tomcat-9.0.71
22-Aug-2023 15:22:20.476 INFO [main] org.apache.catalina.startup.VersionLoggerListener.log 명령 행 아규먼트:  -Djava.io.tmpdir=C:\jspworkspace\apache-tomcat-9.0.71\temp
22-Aug-2023 15:22:20.481 INFO [main] org.apache.catalina.core.AprLifecycleListener.lifecycleEvent 프로덕션 환경들에서 최적의 성능을 제공하는, APR 기반 Apache Tomcat Native 라이브러리가, 다음 java.library.path에서 발견되지 않습니다: [C:\Program Files\Java\jdk-11\bin;C:\Windows\Sun\Java\bin;C:\Windows\system32;C:\Windows;C:\Program Files\Common Files\Oracle\Java\javapath;C:\oraclexe\app\oracle\product\11.2.0\server\bin;;C:\Windows\system32;C:\Windows;C:\Windows\System32\Wbem;C:\Windows\System32\WindowsPowerShell\v1.0\;C:\Windows\System32\OpenSSH\;C:\Program Files\Git\cmd;C:\Users\it\AppData\Local\Microsoft\WindowsApps;;C:\Users\it\AppData\Local\Programs\Microsoft VS Code\bin;.]
22-Aug-2023 15:22:20.686 INFO [main] org.apache.coyote.AbstractProtocol.init 프로토콜 핸들러 ["http-nio-8080"]을(를) 초기화합니다.
22-Aug-2023 15:22:20.698 SEVERE [main] org.apache.catalina.util.LifecycleBase.handleSubClassException 구성요소 [Connector[HTTP/1.1-8080]]을(를) 초기화하지 못했습니다.
	org.apache.catalina.LifecycleException: 프로토콜 핸들러 초기화가 실패했습니다.
		at org.apache.catalina.connector.Connector.initInternal(Connector.java:1050)
		at org.apache.catalina.util.LifecycleBase.init(LifecycleBase.java:136)
		at org.apache.catalina.core.StandardService.initInternal(StandardService.java:554)
		at org.apache.catalina.util.LifecycleBase.init(LifecycleBase.java:136)
		at org.apache.catalina.core.StandardServer.initInternal(StandardServer.java:1045)
		at org.apache.catalina.util.LifecycleBase.init(LifecycleBase.java:136)
		at org.apache.catalina.startup.Catalina.load(Catalina.java:724)
		at org.apache.catalina.startup.Catalina.load(Catalina.java:746)
		at java.base/jdk.internal.reflect.NativeMethodAccessorImpl.invoke0(Native Method)
		at java.base/jdk.internal.reflect.NativeMethodAccessorImpl.invoke(NativeMethodAccessorImpl.java:62)
		at java.base/jdk.internal.reflect.DelegatingMethodAccessorImpl.invoke(DelegatingMethodAccessorImpl.java:43)
		at java.base/java.lang.reflect.Method.invoke(Method.java:566)
		at org.apache.catalina.startup.Bootstrap.load(Bootstrap.java:307)
		at org.apache.catalina.startup.Bootstrap.main(Bootstrap.java:477)
	Caused by: java.net.BindException: Address already in use: bind
		at java.base/sun.nio.ch.Net.bind0(Native Method)
		at java.base/sun.nio.ch.Net.bind(Net.java:459)
		at java.base/sun.nio.ch.Net.bind(Net.java:448)
		at java.base/sun.nio.ch.ServerSocketChannelImpl.bind(ServerSocketChannelImpl.java:227)
		at org.apache.tomcat.util.net.NioEndpoint.initServerSocket(NioEndpoint.java:275)
		at org.apache.tomcat.util.net.NioEndpoint.bind(NioEndpoint.java:230)
		at org.apache.tomcat.util.net.AbstractEndpoint.bindWithCleanup(AbstractEndpoint.java:1227)
		at org.apache.tomcat.util.net.AbstractEndpoint.init(AbstractEndpoint.java:1240)
		at org.apache.coyote.AbstractProtocol.init(AbstractProtocol.java:604)
		at org.apache.coyote.http11.AbstractHttp11Protocol.init(AbstractHttp11Protocol.java:76)
		at org.apache.catalina.connector.Connector.initInternal(Connector.java:1047)
		... 13 more
22-Aug-2023 15:22:20.700 INFO [main] org.apache.catalina.startup.Catalina.load [395] 밀리초 내에 서버가 초기화되었습니다.
22-Aug-2023 15:22:20.737 INFO [main] org.apache.catalina.core.StandardService.startInternal 서비스 [Catalina]을(를) 시작합니다.
22-Aug-2023 15:22:20.739 INFO [main] org.apache.catalina.core.StandardEngine.startInternal 서버 엔진을 시작합니다: [Apache Tomcat/9.0.71]
22-Aug-2023 15:22:20.747 INFO [main] org.apache.catalina.startup.HostConfig.deployDirectory 웹 애플리케이션 디렉토리 [C:\jspworkspace\apache-tomcat-9.0.71\webapps\docs]을(를) 배치합니다.
22-Aug-2023 15:22:20.974 INFO [main] org.apache.catalina.startup.HostConfig.deployDirectory 웹 애플리케이션 디렉토리 [C:\jspworkspace\apache-tomcat-9.0.71\webapps\docs]에 대한 배치가 [227] 밀리초에 완료되었습니다.
22-Aug-2023 15:22:20.976 INFO [main] org.apache.catalina.startup.HostConfig.deployDirectory 웹 애플리케이션 디렉토리 [C:\jspworkspace\apache-tomcat-9.0.71\webapps\examples]을(를) 배치합니다.
22-Aug-2023 15:22:21.188 INFO [main] org.apache.catalina.startup.HostConfig.deployDirectory 웹 애플리케이션 디렉토리 [C:\jspworkspace\apache-tomcat-9.0.71\webapps\examples]에 대한 배치가 [213] 밀리초에 완료되었습니다.
22-Aug-2023 15:22:21.190 INFO [main] org.apache.catalina.startup.HostConfig.deployDirectory 웹 애플리케이션 디렉토리 [C:\jspworkspace\apache-tomcat-9.0.71\webapps\host-manager]을(를) 배치합니다.
22-Aug-2023 15:22:21.213 INFO [main] org.apache.catalina.startup.HostConfig.deployDirectory 웹 애플리케이션 디렉토리 [C:\jspworkspace\apache-tomcat-9.0.71\webapps\host-manager]에 대한 배치가 [24] 밀리초에 완료되었습니다.
22-Aug-2023 15:22:21.215 INFO [main] org.apache.catalina.startup.HostConfig.deployDirectory 웹 애플리케이션 디렉토리 [C:\jspworkspace\apache-tomcat-9.0.71\webapps\manager]을(를) 배치합니다.
22-Aug-2023 15:22:21.237 INFO [main] org.apache.catalina.startup.HostConfig.deployDirectory 웹 애플리케이션 디렉토리 [C:\jspworkspace\apache-tomcat-9.0.71\webapps\manager]에 대한 배치가 [22] 밀리초에 완료되었습니다.
22-Aug-2023 15:22:21.238 INFO [main] org.apache.catalina.startup.HostConfig.deployDirectory 웹 애플리케이션 디렉토리 [C:\jspworkspace\apache-tomcat-9.0.71\webapps\ROOT]을(를) 배치합니다.
22-Aug-2023 15:22:21.258 INFO [main] org.apache.catalina.startup.HostConfig.deployDirectory 웹 애플리케이션 디렉토리 [C:\jspworkspace\apache-tomcat-9.0.71\webapps\ROOT]에 대한 배치가 [20] 밀리초에 완료되었습니다.
22-Aug-2023 15:22:21.266 INFO [main] org.apache.catalina.startup.Catalina.start 서버가 [566] 밀리초 내에 시작되었습니다.
22-Aug-2023 15:22:21.270 SEVERE [main] org.apache.catalina.core.StandardServer.await 주소 [localhost]와(과) 포트 [8005]에, 서버 셧다운 소켓을 생성하지 못했습니다. (base 포트 [8005], offset [0])
	java.net.BindException: Address already in use: NET_Bind
		at java.base/java.net.PlainSocketImpl.bind0(Native Method)
		at java.base/java.net.PlainSocketImpl.socketBind(PlainSocketImpl.java:132)
		at java.base/java.net.AbstractPlainSocketImpl.bind(AbstractPlainSocketImpl.java:452)
		at java.base/java.net.ServerSocket.bind(ServerSocket.java:381)
		at java.base/java.net.ServerSocket.<init>(ServerSocket.java:243)
		at org.apache.catalina.core.StandardServer.await(StandardServer.java:580)
		at org.apache.catalina.startup.Catalina.await(Catalina.java:864)
		at org.apache.catalina.startup.Catalina.start(Catalina.java:810)
		at java.base/jdk.internal.reflect.NativeMethodAccessorImpl.invoke0(Native Method)
		at java.base/jdk.internal.reflect.NativeMethodAccessorImpl.invoke(NativeMethodAccessorImpl.java:62)
		at java.base/jdk.internal.reflect.DelegatingMethodAccessorImpl.invoke(DelegatingMethodAccessorImpl.java:43)
		at java.base/java.lang.reflect.Method.invoke(Method.java:566)
		at org.apache.catalina.startup.Bootstrap.start(Bootstrap.java:347)
		at org.apache.catalina.startup.Bootstrap.main(Bootstrap.java:478)
22-Aug-2023 15:22:21.271 INFO [main] org.apache.coyote.AbstractProtocol.pause 프로토콜 핸들러 ["http-nio-8080"]을(를) 일시 정지 중
22-Aug-2023 15:22:21.272 INFO [main] org.apache.catalina.core.StandardService.stopInternal 서비스 [Catalina]을(를) 중지시킵니다.
22-Aug-2023 15:22:21.287 INFO [main] org.apache.coyote.AbstractProtocol.stop 프로토콜 핸들러 ["http-nio-8080"]을(를) 중지시킵니다.
22-Aug-2023 15:22:21.289 INFO [main] org.apache.coyote.AbstractProtocol.destroy 프로토콜 핸들러 ["http-nio-8080"]을(를) 소멸시킵니다.
22-Aug-2023 15:22:27.367 INFO [main] org.apache.catalina.startup.VersionLoggerListener.log 서버 버전 이름:    Apache Tomcat/9.0.71
22-Aug-2023 15:22:27.369 INFO [main] org.apache.catalina.startup.VersionLoggerListener.log Server 빌드 시각:  Jan 9 2023 22:33:01 UTC
22-Aug-2023 15:22:27.369 INFO [main] org.apache.catalina.startup.VersionLoggerListener.log Server 버전 번호:  9.0.71.0
22-Aug-2023 15:22:27.370 INFO [main] org.apache.catalina.startup.VersionLoggerListener.log 운영체제 이름:     Windows 10
22-Aug-2023 15:22:27.370 INFO [main] org.apache.catalina.startup.VersionLoggerListener.log 운영체제 버전:     10.0
22-Aug-2023 15:22:27.370 INFO [main] org.apache.catalina.startup.VersionLoggerListener.log 아키텍처:          amd64
22-Aug-2023 15:22:27.370 INFO [main] org.apache.catalina.startup.VersionLoggerListener.log 자바 홈:           C:\Program Files\Java\jdk-11
22-Aug-2023 15:22:27.370 INFO [main] org.apache.catalina.startup.VersionLoggerListener.log JVM 버전:          11.0.19+9-LTS-224
22-Aug-2023 15:22:27.370 INFO [main] org.apache.catalina.startup.VersionLoggerListener.log JVM 벤더:          Oracle Corporation
22-Aug-2023 15:22:27.371 INFO [main] org.apache.catalina.startup.VersionLoggerListener.log CATALINA_BASE:     C:\jspworkspace\apache-tomcat-9.0.71
22-Aug-2023 15:22:27.371 INFO [main] org.apache.catalina.startup.VersionLoggerListener.log CATALINA_HOME:     C:\jspworkspace\apache-tomcat-9.0.71
22-Aug-2023 15:22:27.378 INFO [main] org.apache.catalina.startup.VersionLoggerListener.log 명령 행 아규먼트:  --add-opens=java.base/java.lang=ALL-UNNAMED
22-Aug-2023 15:22:27.378 INFO [main] org.apache.catalina.startup.VersionLoggerListener.log 명령 행 아규먼트:  --add-opens=java.base/java.io=ALL-UNNAMED
22-Aug-2023 15:22:27.378 INFO [main] org.apache.catalina.startup.VersionLoggerListener.log 명령 행 아규먼트:  --add-opens=java.base/java.util=ALL-UNNAMED
22-Aug-2023 15:22:27.379 INFO [main] org.apache.catalina.startup.VersionLoggerListener.log 명령 행 아규먼트:  --add-opens=java.base/java.util.concurrent=ALL-UNNAMED
22-Aug-2023 15:22:27.379 INFO [main] org.apache.catalina.startup.VersionLoggerListener.log 명령 행 아규먼트:  --add-opens=java.rmi/sun.rmi.transport=ALL-UNNAMED
22-Aug-2023 15:22:27.379 INFO [main] org.apache.catalina.startup.VersionLoggerListener.log 명령 행 아규먼트:  -Djava.util.logging.config.file=C:\jspworkspace\apache-tomcat-9.0.71\conf\logging.properties
22-Aug-2023 15:22:27.380 INFO [main] org.apache.catalina.startup.VersionLoggerListener.log 명령 행 아규먼트:  -Djava.util.logging.manager=org.apache.juli.ClassLoaderLogManager
22-Aug-2023 15:22:27.380 INFO [main] org.apache.catalina.startup.VersionLoggerListener.log 명령 행 아규먼트:  -Djdk.tls.ephemeralDHKeySize=2048
22-Aug-2023 15:22:27.380 INFO [main] org.apache.catalina.startup.VersionLoggerListener.log 명령 행 아규먼트:  -Djava.protocol.handler.pkgs=org.apache.catalina.webresources
22-Aug-2023 15:22:27.380 INFO [main] org.apache.catalina.startup.VersionLoggerListener.log 명령 행 아규먼트:  -Dignore.endorsed.dirs=
22-Aug-2023 15:22:27.380 INFO [main] org.apache.catalina.startup.VersionLoggerListener.log 명령 행 아규먼트:  -Dcatalina.base=C:\jspworkspace\apache-tomcat-9.0.71
22-Aug-2023 15:22:27.381 INFO [main] org.apache.catalina.startup.VersionLoggerListener.log 명령 행 아규먼트:  -Dcatalina.home=C:\jspworkspace\apache-tomcat-9.0.71
22-Aug-2023 15:22:27.381 INFO [main] org.apache.catalina.startup.VersionLoggerListener.log 명령 행 아규먼트:  -Djava.io.tmpdir=C:\jspworkspace\apache-tomcat-9.0.71\temp
22-Aug-2023 15:22:27.385 INFO [main] org.apache.catalina.core.AprLifecycleListener.lifecycleEvent 프로덕션 환경들에서 최적의 성능을 제공하는, APR 기반 Apache Tomcat Native 라이브러리가, 다음 java.library.path에서 발견되지 않습니다: [C:\Program Files\Java\jdk-11\bin;C:\Windows\Sun\Java\bin;C:\Windows\system32;C:\Windows;C:\Program Files\Common Files\Oracle\Java\javapath;C:\oraclexe\app\oracle\product\11.2.0\server\bin;;C:\Windows\system32;C:\Windows;C:\Windows\System32\Wbem;C:\Windows\System32\WindowsPowerShell\v1.0\;C:\Windows\System32\OpenSSH\;C:\Program Files\Git\cmd;C:\Users\it\AppData\Local\Microsoft\WindowsApps;;C:\Users\it\AppData\Local\Programs\Microsoft VS Code\bin;.]
22-Aug-2023 15:22:27.587 INFO [main] org.apache.coyote.AbstractProtocol.init 프로토콜 핸들러 ["http-nio-8080"]을(를) 초기화합니다.
22-Aug-2023 15:22:27.598 SEVERE [main] org.apache.catalina.util.LifecycleBase.handleSubClassException 구성요소 [Connector[HTTP/1.1-8080]]을(를) 초기화하지 못했습니다.
	org.apache.catalina.LifecycleException: 프로토콜 핸들러 초기화가 실패했습니다.
		at org.apache.catalina.connector.Connector.initInternal(Connector.java:1050)
		at org.apache.catalina.util.LifecycleBase.init(LifecycleBase.java:136)
		at org.apache.catalina.core.StandardService.initInternal(StandardService.java:554)
		at org.apache.catalina.util.LifecycleBase.init(LifecycleBase.java:136)
		at org.apache.catalina.core.StandardServer.initInternal(StandardServer.java:1045)
		at org.apache.catalina.util.LifecycleBase.init(LifecycleBase.java:136)
		at org.apache.catalina.startup.Catalina.load(Catalina.java:724)
		at org.apache.catalina.startup.Catalina.load(Catalina.java:746)
		at java.base/jdk.internal.reflect.NativeMethodAccessorImpl.invoke0(Native Method)
		at java.base/jdk.internal.reflect.NativeMethodAccessorImpl.invoke(NativeMethodAccessorImpl.java:62)
		at java.base/jdk.internal.reflect.DelegatingMethodAccessorImpl.invoke(DelegatingMethodAccessorImpl.java:43)
		at java.base/java.lang.reflect.Method.invoke(Method.java:566)
		at org.apache.catalina.startup.Bootstrap.load(Bootstrap.java:307)
		at org.apache.catalina.startup.Bootstrap.main(Bootstrap.java:477)
	Caused by: java.net.BindException: Address already in use: bind
		at java.base/sun.nio.ch.Net.bind0(Native Method)
		at java.base/sun.nio.ch.Net.bind(Net.java:459)
		at java.base/sun.nio.ch.Net.bind(Net.java:448)
		at java.base/sun.nio.ch.ServerSocketChannelImpl.bind(ServerSocketChannelImpl.java:227)
		at org.apache.tomcat.util.net.NioEndpoint.initServerSocket(NioEndpoint.java:275)
		at org.apache.tomcat.util.net.NioEndpoint.bind(NioEndpoint.java:230)
		at org.apache.tomcat.util.net.AbstractEndpoint.bindWithCleanup(AbstractEndpoint.java:1227)
		at org.apache.tomcat.util.net.AbstractEndpoint.init(AbstractEndpoint.java:1240)
		at org.apache.coyote.AbstractProtocol.init(AbstractProtocol.java:604)
		at org.apache.coyote.http11.AbstractHttp11Protocol.init(AbstractHttp11Protocol.java:76)
		at org.apache.catalina.connector.Connector.initInternal(Connector.java:1047)
		... 13 more
22-Aug-2023 15:22:27.600 INFO [main] org.apache.catalina.startup.Catalina.load [383] 밀리초 내에 서버가 초기화되었습니다.
22-Aug-2023 15:22:27.637 INFO [main] org.apache.catalina.core.StandardService.startInternal 서비스 [Catalina]을(를) 시작합니다.
22-Aug-2023 15:22:27.638 INFO [main] org.apache.catalina.core.StandardEngine.startInternal 서버 엔진을 시작합니다: [Apache Tomcat/9.0.71]
22-Aug-2023 15:22:27.645 INFO [main] org.apache.catalina.startup.HostConfig.deployDirectory 웹 애플리케이션 디렉토리 [C:\jspworkspace\apache-tomcat-9.0.71\webapps\docs]을(를) 배치합니다.
22-Aug-2023 15:22:27.866 INFO [main] org.apache.catalina.startup.HostConfig.deployDirectory 웹 애플리케이션 디렉토리 [C:\jspworkspace\apache-tomcat-9.0.71\webapps\docs]에 대한 배치가 [219] 밀리초에 완료되었습니다.
22-Aug-2023 15:22:27.867 INFO [main] org.apache.catalina.startup.HostConfig.deployDirectory 웹 애플리케이션 디렉토리 [C:\jspworkspace\apache-tomcat-9.0.71\webapps\examples]을(를) 배치합니다.
22-Aug-2023 15:22:28.061 INFO [main] org.apache.catalina.startup.HostConfig.deployDirectory 웹 애플리케이션 디렉토리 [C:\jspworkspace\apache-tomcat-9.0.71\webapps\examples]에 대한 배치가 [195] 밀리초에 완료되었습니다.
22-Aug-2023 15:22:28.063 INFO [main] org.apache.catalina.startup.HostConfig.deployDirectory 웹 애플리케이션 디렉토리 [C:\jspworkspace\apache-tomcat-9.0.71\webapps\host-manager]을(를) 배치합니다.
22-Aug-2023 15:22:28.088 INFO [main] org.apache.catalina.startup.HostConfig.deployDirectory 웹 애플리케이션 디렉토리 [C:\jspworkspace\apache-tomcat-9.0.71\webapps\host-manager]에 대한 배치가 [25] 밀리초에 완료되었습니다.
22-Aug-2023 15:22:28.089 INFO [main] org.apache.catalina.startup.HostConfig.deployDirectory 웹 애플리케이션 디렉토리 [C:\jspworkspace\apache-tomcat-9.0.71\webapps\manager]을(를) 배치합니다.
22-Aug-2023 15:22:28.108 INFO [main] org.apache.catalina.startup.HostConfig.deployDirectory 웹 애플리케이션 디렉토리 [C:\jspworkspace\apache-tomcat-9.0.71\webapps\manager]에 대한 배치가 [19] 밀리초에 완료되었습니다.
22-Aug-2023 15:22:28.113 INFO [main] org.apache.catalina.startup.HostConfig.deployDirectory 웹 애플리케이션 디렉토리 [C:\jspworkspace\apache-tomcat-9.0.71\webapps\ROOT]을(를) 배치합니다.
22-Aug-2023 15:22:28.129 INFO [main] org.apache.catalina.startup.HostConfig.deployDirectory 웹 애플리케이션 디렉토리 [C:\jspworkspace\apache-tomcat-9.0.71\webapps\ROOT]에 대한 배치가 [16] 밀리초에 완료되었습니다.
22-Aug-2023 15:22:28.132 INFO [main] org.apache.catalina.startup.Catalina.start 서버가 [532] 밀리초 내에 시작되었습니다.
22-Aug-2023 15:22:28.137 SEVERE [main] org.apache.catalina.core.StandardServer.await 주소 [localhost]와(과) 포트 [8005]에, 서버 셧다운 소켓을 생성하지 못했습니다. (base 포트 [8005], offset [0])
	java.net.BindException: Address already in use: NET_Bind
		at java.base/java.net.PlainSocketImpl.bind0(Native Method)
		at java.base/java.net.PlainSocketImpl.socketBind(PlainSocketImpl.java:132)
		at java.base/java.net.AbstractPlainSocketImpl.bind(AbstractPlainSocketImpl.java:452)
		at java.base/java.net.ServerSocket.bind(ServerSocket.java:381)
		at java.base/java.net.ServerSocket.<init>(ServerSocket.java:243)
		at org.apache.catalina.core.StandardServer.await(StandardServer.java:580)
		at org.apache.catalina.startup.Catalina.await(Catalina.java:864)
		at org.apache.catalina.startup.Catalina.start(Catalina.java:810)
		at java.base/jdk.internal.reflect.NativeMethodAccessorImpl.invoke0(Native Method)
		at java.base/jdk.internal.reflect.NativeMethodAccessorImpl.invoke(NativeMethodAccessorImpl.java:62)
		at java.base/jdk.internal.reflect.DelegatingMethodAccessorImpl.invoke(DelegatingMethodAccessorImpl.java:43)
		at java.base/java.lang.reflect.Method.invoke(Method.java:566)
		at org.apache.catalina.startup.Bootstrap.start(Bootstrap.java:347)
		at org.apache.catalina.startup.Bootstrap.main(Bootstrap.java:478)
22-Aug-2023 15:22:28.138 INFO [main] org.apache.coyote.AbstractProtocol.pause 프로토콜 핸들러 ["http-nio-8080"]을(를) 일시 정지 중
22-Aug-2023 15:22:28.138 INFO [main] org.apache.catalina.core.StandardService.stopInternal 서비스 [Catalina]을(를) 중지시킵니다.
22-Aug-2023 15:22:28.153 INFO [main] org.apache.coyote.AbstractProtocol.stop 프로토콜 핸들러 ["http-nio-8080"]을(를) 중지시킵니다.
22-Aug-2023 15:22:28.154 INFO [main] org.apache.coyote.AbstractProtocol.destroy 프로토콜 핸들러 ["http-nio-8080"]을(를) 소멸시킵니다.
22-Aug-2023 15:23:58.965 INFO [main] org.apache.catalina.startup.VersionLoggerListener.log 서버 버전 이름:    Apache Tomcat/9.0.71
22-Aug-2023 15:23:58.967 INFO [main] org.apache.catalina.startup.VersionLoggerListener.log Server 빌드 시각:  Jan 9 2023 22:33:01 UTC
22-Aug-2023 15:23:58.968 INFO [main] org.apache.catalina.startup.VersionLoggerListener.log Server 버전 번호:  9.0.71.0
22-Aug-2023 15:23:58.968 INFO [main] org.apache.catalina.startup.VersionLoggerListener.log 운영체제 이름:     Windows 10
22-Aug-2023 15:23:58.968 INFO [main] org.apache.catalina.startup.VersionLoggerListener.log 운영체제 버전:     10.0
22-Aug-2023 15:23:58.968 INFO [main] org.apache.catalina.startup.VersionLoggerListener.log 아키텍처:          amd64
22-Aug-2023 15:23:58.968 INFO [main] org.apache.catalina.startup.VersionLoggerListener.log 자바 홈:           C:\Program Files\Java\jdk-11
22-Aug-2023 15:23:58.969 INFO [main] org.apache.catalina.startup.VersionLoggerListener.log JVM 버전:          11.0.19+9-LTS-224
22-Aug-2023 15:23:58.969 INFO [main] org.apache.catalina.startup.VersionLoggerListener.log JVM 벤더:          Oracle Corporation
22-Aug-2023 15:23:58.969 INFO [main] org.apache.catalina.startup.VersionLoggerListener.log CATALINA_BASE:     C:\jspworkspace\apache-tomcat-9.0.71
22-Aug-2023 15:23:58.969 INFO [main] org.apache.catalina.startup.VersionLoggerListener.log CATALINA_HOME:     C:\jspworkspace\apache-tomcat-9.0.71
22-Aug-2023 15:23:58.976 INFO [main] org.apache.catalina.startup.VersionLoggerListener.log 명령 행 아규먼트:  --add-opens=java.base/java.lang=ALL-UNNAMED
22-Aug-2023 15:23:58.977 INFO [main] org.apache.catalina.startup.VersionLoggerListener.log 명령 행 아규먼트:  --add-opens=java.base/java.io=ALL-UNNAMED
22-Aug-2023 15:23:58.977 INFO [main] org.apache.catalina.startup.VersionLoggerListener.log 명령 행 아규먼트:  --add-opens=java.base/java.util=ALL-UNNAMED
22-Aug-2023 15:23:58.978 INFO [main] org.apache.catalina.startup.VersionLoggerListener.log 명령 행 아규먼트:  --add-opens=java.base/java.util.concurrent=ALL-UNNAMED
22-Aug-2023 15:23:58.978 INFO [main] org.apache.catalina.startup.VersionLoggerListener.log 명령 행 아규먼트:  --add-opens=java.rmi/sun.rmi.transport=ALL-UNNAMED
22-Aug-2023 15:23:58.978 INFO [main] org.apache.catalina.startup.VersionLoggerListener.log 명령 행 아규먼트:  -Djava.util.logging.config.file=C:\jspworkspace\apache-tomcat-9.0.71\conf\logging.properties
22-Aug-2023 15:23:58.979 INFO [main] org.apache.catalina.startup.VersionLoggerListener.log 명령 행 아규먼트:  -Djava.util.logging.manager=org.apache.juli.ClassLoaderLogManager
22-Aug-2023 15:23:58.979 INFO [main] org.apache.catalina.startup.VersionLoggerListener.log 명령 행 아규먼트:  -Djdk.tls.ephemeralDHKeySize=2048
22-Aug-2023 15:23:58.979 INFO [main] org.apache.catalina.startup.VersionLoggerListener.log 명령 행 아규먼트:  -Djava.protocol.handler.pkgs=org.apache.catalina.webresources
22-Aug-2023 15:23:58.980 INFO [main] org.apache.catalina.startup.VersionLoggerListener.log 명령 행 아규먼트:  -Dignore.endorsed.dirs=
22-Aug-2023 15:23:58.980 INFO [main] org.apache.catalina.startup.VersionLoggerListener.log 명령 행 아규먼트:  -Dcatalina.base=C:\jspworkspace\apache-tomcat-9.0.71
22-Aug-2023 15:23:58.980 INFO [main] org.apache.catalina.startup.VersionLoggerListener.log 명령 행 아규먼트:  -Dcatalina.home=C:\jspworkspace\apache-tomcat-9.0.71
22-Aug-2023 15:23:58.981 INFO [main] org.apache.catalina.startup.VersionLoggerListener.log 명령 행 아규먼트:  -Djava.io.tmpdir=C:\jspworkspace\apache-tomcat-9.0.71\temp
22-Aug-2023 15:23:58.986 INFO [main] org.apache.catalina.core.AprLifecycleListener.lifecycleEvent 프로덕션 환경들에서 최적의 성능을 제공하는, APR 기반 Apache Tomcat Native 라이브러리가, 다음 java.library.path에서 발견되지 않습니다: [C:\Program Files\Java\jdk-11\bin;C:\Windows\Sun\Java\bin;C:\Windows\system32;C:\Windows;C:\Program Files\Common Files\Oracle\Java\javapath;C:\oraclexe\app\oracle\product\11.2.0\server\bin;;C:\Windows\system32;C:\Windows;C:\Windows\System32\Wbem;C:\Windows\System32\WindowsPowerShell\v1.0\;C:\Windows\System32\OpenSSH\;C:\Program Files\Git\cmd;C:\Users\it\AppData\Local\Microsoft\WindowsApps;;C:\Users\it\AppData\Local\Programs\Microsoft VS Code\bin;.]
22-Aug-2023 15:23:59.187 INFO [main] org.apache.coyote.AbstractProtocol.init 프로토콜 핸들러 ["http-nio-8080"]을(를) 초기화합니다.
22-Aug-2023 15:23:59.198 SEVERE [main] org.apache.catalina.util.LifecycleBase.handleSubClassException 구성요소 [Connector[HTTP/1.1-8080]]을(를) 초기화하지 못했습니다.
	org.apache.catalina.LifecycleException: 프로토콜 핸들러 초기화가 실패했습니다.
		at org.apache.catalina.connector.Connector.initInternal(Connector.java:1050)
		at org.apache.catalina.util.LifecycleBase.init(LifecycleBase.java:136)
		at org.apache.catalina.core.StandardService.initInternal(StandardService.java:554)
		at org.apache.catalina.util.LifecycleBase.init(LifecycleBase.java:136)
		at org.apache.catalina.core.StandardServer.initInternal(StandardServer.java:1045)
		at org.apache.catalina.util.LifecycleBase.init(LifecycleBase.java:136)
		at org.apache.catalina.startup.Catalina.load(Catalina.java:724)
		at org.apache.catalina.startup.Catalina.load(Catalina.java:746)
		at java.base/jdk.internal.reflect.NativeMethodAccessorImpl.invoke0(Native Method)
		at java.base/jdk.internal.reflect.NativeMethodAccessorImpl.invoke(NativeMethodAccessorImpl.java:62)
		at java.base/jdk.internal.reflect.DelegatingMethodAccessorImpl.invoke(DelegatingMethodAccessorImpl.java:43)
		at java.base/java.lang.reflect.Method.invoke(Method.java:566)
		at org.apache.catalina.startup.Bootstrap.load(Bootstrap.java:307)
		at org.apache.catalina.startup.Bootstrap.main(Bootstrap.java:477)
	Caused by: java.net.BindException: Address already in use: bind
		at java.base/sun.nio.ch.Net.bind0(Native Method)
		at java.base/sun.nio.ch.Net.bind(Net.java:459)
		at java.base/sun.nio.ch.Net.bind(Net.java:448)
		at java.base/sun.nio.ch.ServerSocketChannelImpl.bind(ServerSocketChannelImpl.java:227)
		at org.apache.tomcat.util.net.NioEndpoint.initServerSocket(NioEndpoint.java:275)
		at org.apache.tomcat.util.net.NioEndpoint.bind(NioEndpoint.java:230)
		at org.apache.tomcat.util.net.AbstractEndpoint.bindWithCleanup(AbstractEndpoint.java:1227)
		at org.apache.tomcat.util.net.AbstractEndpoint.init(AbstractEndpoint.java:1240)
		at org.apache.coyote.AbstractProtocol.init(AbstractProtocol.java:604)
		at org.apache.coyote.http11.AbstractHttp11Protocol.init(AbstractHttp11Protocol.java:76)
		at org.apache.catalina.connector.Connector.initInternal(Connector.java:1047)
		... 13 more
22-Aug-2023 15:23:59.200 INFO [main] org.apache.catalina.startup.Catalina.load [395] 밀리초 내에 서버가 초기화되었습니다.
22-Aug-2023 15:23:59.240 INFO [main] org.apache.catalina.core.StandardService.startInternal 서비스 [Catalina]을(를) 시작합니다.
22-Aug-2023 15:23:59.241 INFO [main] org.apache.catalina.core.StandardEngine.startInternal 서버 엔진을 시작합니다: [Apache Tomcat/9.0.71]
22-Aug-2023 15:23:59.248 INFO [main] org.apache.catalina.startup.HostConfig.deployDirectory 웹 애플리케이션 디렉토리 [C:\jspworkspace\apache-tomcat-9.0.71\webapps\docs]을(를) 배치합니다.
22-Aug-2023 15:23:59.478 INFO [main] org.apache.catalina.startup.HostConfig.deployDirectory 웹 애플리케이션 디렉토리 [C:\jspworkspace\apache-tomcat-9.0.71\webapps\docs]에 대한 배치가 [229] 밀리초에 완료되었습니다.
22-Aug-2023 15:23:59.480 INFO [main] org.apache.catalina.startup.HostConfig.deployDirectory 웹 애플리케이션 디렉토리 [C:\jspworkspace\apache-tomcat-9.0.71\webapps\examples]을(를) 배치합니다.
22-Aug-2023 15:23:59.681 INFO [main] org.apache.catalina.startup.HostConfig.deployDirectory 웹 애플리케이션 디렉토리 [C:\jspworkspace\apache-tomcat-9.0.71\webapps\examples]에 대한 배치가 [201] 밀리초에 완료되었습니다.
22-Aug-2023 15:23:59.682 INFO [main] org.apache.catalina.startup.HostConfig.deployDirectory 웹 애플리케이션 디렉토리 [C:\jspworkspace\apache-tomcat-9.0.71\webapps\host-manager]을(를) 배치합니다.
22-Aug-2023 15:23:59.707 INFO [main] org.apache.catalina.startup.HostConfig.deployDirectory 웹 애플리케이션 디렉토리 [C:\jspworkspace\apache-tomcat-9.0.71\webapps\host-manager]에 대한 배치가 [24] 밀리초에 완료되었습니다.
22-Aug-2023 15:23:59.707 INFO [main] org.apache.catalina.startup.HostConfig.deployDirectory 웹 애플리케이션 디렉토리 [C:\jspworkspace\apache-tomcat-9.0.71\webapps\manager]을(를) 배치합니다.
22-Aug-2023 15:23:59.729 INFO [main] org.apache.catalina.startup.HostConfig.deployDirectory 웹 애플리케이션 디렉토리 [C:\jspworkspace\apache-tomcat-9.0.71\webapps\manager]에 대한 배치가 [22] 밀리초에 완료되었습니다.
22-Aug-2023 15:23:59.730 INFO [main] org.apache.catalina.startup.HostConfig.deployDirectory 웹 애플리케이션 디렉토리 [C:\jspworkspace\apache-tomcat-9.0.71\webapps\ROOT]을(를) 배치합니다.
22-Aug-2023 15:23:59.747 INFO [main] org.apache.catalina.startup.HostConfig.deployDirectory 웹 애플리케이션 디렉토리 [C:\jspworkspace\apache-tomcat-9.0.71\webapps\ROOT]에 대한 배치가 [17] 밀리초에 완료되었습니다.
22-Aug-2023 15:23:59.751 INFO [main] org.apache.catalina.startup.Catalina.start 서버가 [550] 밀리초 내에 시작되었습니다.
22-Aug-2023 15:23:59.756 SEVERE [main] org.apache.catalina.core.StandardServer.await 주소 [localhost]와(과) 포트 [8005]에, 서버 셧다운 소켓을 생성하지 못했습니다. (base 포트 [8005], offset [0])
	java.net.BindException: Address already in use: NET_Bind
		at java.base/java.net.PlainSocketImpl.bind0(Native Method)
		at java.base/java.net.PlainSocketImpl.socketBind(PlainSocketImpl.java:132)
		at java.base/java.net.AbstractPlainSocketImpl.bind(AbstractPlainSocketImpl.java:452)
		at java.base/java.net.ServerSocket.bind(ServerSocket.java:381)
		at java.base/java.net.ServerSocket.<init>(ServerSocket.java:243)
		at org.apache.catalina.core.StandardServer.await(StandardServer.java:580)
		at org.apache.catalina.startup.Catalina.await(Catalina.java:864)
		at org.apache.catalina.startup.Catalina.start(Catalina.java:810)
		at java.base/jdk.internal.reflect.NativeMethodAccessorImpl.invoke0(Native Method)
		at java.base/jdk.internal.reflect.NativeMethodAccessorImpl.invoke(NativeMethodAccessorImpl.java:62)
		at java.base/jdk.internal.reflect.DelegatingMethodAccessorImpl.invoke(DelegatingMethodAccessorImpl.java:43)
		at java.base/java.lang.reflect.Method.invoke(Method.java:566)
		at org.apache.catalina.startup.Bootstrap.start(Bootstrap.java:347)
		at org.apache.catalina.startup.Bootstrap.main(Bootstrap.java:478)
22-Aug-2023 15:23:59.757 INFO [main] org.apache.coyote.AbstractProtocol.pause 프로토콜 핸들러 ["http-nio-8080"]을(를) 일시 정지 중
22-Aug-2023 15:23:59.758 INFO [main] org.apache.catalina.core.StandardService.stopInternal 서비스 [Catalina]을(를) 중지시킵니다.
22-Aug-2023 15:23:59.772 INFO [main] org.apache.coyote.AbstractProtocol.stop 프로토콜 핸들러 ["http-nio-8080"]을(를) 중지시킵니다.
22-Aug-2023 15:23:59.773 INFO [main] org.apache.coyote.AbstractProtocol.destroy 프로토콜 핸들러 ["http-nio-8080"]을(를) 소멸시킵니다.
22-Aug-2023 15:25:04.073 INFO [main] org.apache.catalina.startup.VersionLoggerListener.log 서버 버전 이름:    Apache Tomcat/9.0.71
22-Aug-2023 15:25:04.075 INFO [main] org.apache.catalina.startup.VersionLoggerListener.log Server 빌드 시각:  Jan 9 2023 22:33:01 UTC
22-Aug-2023 15:25:04.076 INFO [main] org.apache.catalina.startup.VersionLoggerListener.log Server 버전 번호:  9.0.71.0
22-Aug-2023 15:25:04.076 INFO [main] org.apache.catalina.startup.VersionLoggerListener.log 운영체제 이름:     Windows 10
22-Aug-2023 15:25:04.076 INFO [main] org.apache.catalina.startup.VersionLoggerListener.log 운영체제 버전:     10.0
22-Aug-2023 15:25:04.076 INFO [main] org.apache.catalina.startup.VersionLoggerListener.log 아키텍처:          amd64
22-Aug-2023 15:25:04.076 INFO [main] org.apache.catalina.startup.VersionLoggerListener.log 자바 홈:           C:\Program Files\Java\jdk-11
22-Aug-2023 15:25:04.077 INFO [main] org.apache.catalina.startup.VersionLoggerListener.log JVM 버전:          11.0.19+9-LTS-224
22-Aug-2023 15:25:04.077 INFO [main] org.apache.catalina.startup.VersionLoggerListener.log JVM 벤더:          Oracle Corporation
22-Aug-2023 15:25:04.077 INFO [main] org.apache.catalina.startup.VersionLoggerListener.log CATALINA_BASE:     C:\jspworkspace\apache-tomcat-9.0.71
22-Aug-2023 15:25:04.077 INFO [main] org.apache.catalina.startup.VersionLoggerListener.log CATALINA_HOME:     C:\jspworkspace\apache-tomcat-9.0.71
22-Aug-2023 15:25:04.084 INFO [main] org.apache.catalina.startup.VersionLoggerListener.log 명령 행 아규먼트:  --add-opens=java.base/java.lang=ALL-UNNAMED
22-Aug-2023 15:25:04.085 INFO [main] org.apache.catalina.startup.VersionLoggerListener.log 명령 행 아규먼트:  --add-opens=java.base/java.io=ALL-UNNAMED
22-Aug-2023 15:25:04.085 INFO [main] org.apache.catalina.startup.VersionLoggerListener.log 명령 행 아규먼트:  --add-opens=java.base/java.util=ALL-UNNAMED
22-Aug-2023 15:25:04.086 INFO [main] org.apache.catalina.startup.VersionLoggerListener.log 명령 행 아규먼트:  --add-opens=java.base/java.util.concurrent=ALL-UNNAMED
22-Aug-2023 15:25:04.086 INFO [main] org.apache.catalina.startup.VersionLoggerListener.log 명령 행 아규먼트:  --add-opens=java.rmi/sun.rmi.transport=ALL-UNNAMED
22-Aug-2023 15:25:04.086 INFO [main] org.apache.catalina.startup.VersionLoggerListener.log 명령 행 아규먼트:  -Djava.util.logging.config.file=C:\jspworkspace\apache-tomcat-9.0.71\conf\logging.properties
22-Aug-2023 15:25:04.087 INFO [main] org.apache.catalina.startup.VersionLoggerListener.log 명령 행 아규먼트:  -Djava.util.logging.manager=org.apache.juli.ClassLoaderLogManager
22-Aug-2023 15:25:04.087 INFO [main] org.apache.catalina.startup.VersionLoggerListener.log 명령 행 아규먼트:  -Djdk.tls.ephemeralDHKeySize=2048
22-Aug-2023 15:25:04.088 INFO [main] org.apache.catalina.startup.VersionLoggerListener.log 명령 행 아규먼트:  -Djava.protocol.handler.pkgs=org.apache.catalina.webresources
22-Aug-2023 15:25:04.088 INFO [main] org.apache.catalina.startup.VersionLoggerListener.log 명령 행 아규먼트:  -Dignore.endorsed.dirs=
22-Aug-2023 15:25:04.088 INFO [main] org.apache.catalina.startup.VersionLoggerListener.log 명령 행 아규먼트:  -Dcatalina.base=C:\jspworkspace\apache-tomcat-9.0.71
22-Aug-2023 15:25:04.089 INFO [main] org.apache.catalina.startup.VersionLoggerListener.log 명령 행 아규먼트:  -Dcatalina.home=C:\jspworkspace\apache-tomcat-9.0.71
22-Aug-2023 15:25:04.089 INFO [main] org.apache.catalina.startup.VersionLoggerListener.log 명령 행 아규먼트:  -Djava.io.tmpdir=C:\jspworkspace\apache-tomcat-9.0.71\temp
22-Aug-2023 15:25:04.094 INFO [main] org.apache.catalina.core.AprLifecycleListener.lifecycleEvent 프로덕션 환경들에서 최적의 성능을 제공하는, APR 기반 Apache Tomcat Native 라이브러리가, 다음 java.library.path에서 발견되지 않습니다: [C:\Program Files\Java\jdk-11\bin;C:\Windows\Sun\Java\bin;C:\Windows\system32;C:\Windows;C:\Program Files\Common Files\Oracle\Java\javapath;C:\oraclexe\app\oracle\product\11.2.0\server\bin;;C:\Windows\system32;C:\Windows;C:\Windows\System32\Wbem;C:\Windows\System32\WindowsPowerShell\v1.0\;C:\Windows\System32\OpenSSH\;C:\Program Files\Git\cmd;C:\Users\it\AppData\Local\Microsoft\WindowsApps;;C:\Users\it\AppData\Local\Programs\Microsoft VS Code\bin;.]
22-Aug-2023 15:25:04.296 INFO [main] org.apache.coyote.AbstractProtocol.init 프로토콜 핸들러 ["http-nio-8080"]을(를) 초기화합니다.
22-Aug-2023 15:25:04.306 SEVERE [main] org.apache.catalina.util.LifecycleBase.handleSubClassException 구성요소 [Connector[HTTP/1.1-8080]]을(를) 초기화하지 못했습니다.
	org.apache.catalina.LifecycleException: 프로토콜 핸들러 초기화가 실패했습니다.
		at org.apache.catalina.connector.Connector.initInternal(Connector.java:1050)
		at org.apache.catalina.util.LifecycleBase.init(LifecycleBase.java:136)
		at org.apache.catalina.core.StandardService.initInternal(StandardService.java:554)
		at org.apache.catalina.util.LifecycleBase.init(LifecycleBase.java:136)
		at org.apache.catalina.core.StandardServer.initInternal(StandardServer.java:1045)
		at org.apache.catalina.util.LifecycleBase.init(LifecycleBase.java:136)
		at org.apache.catalina.startup.Catalina.load(Catalina.java:724)
		at org.apache.catalina.startup.Catalina.load(Catalina.java:746)
		at java.base/jdk.internal.reflect.NativeMethodAccessorImpl.invoke0(Native Method)
		at java.base/jdk.internal.reflect.NativeMethodAccessorImpl.invoke(NativeMethodAccessorImpl.java:62)
		at java.base/jdk.internal.reflect.DelegatingMethodAccessorImpl.invoke(DelegatingMethodAccessorImpl.java:43)
		at java.base/java.lang.reflect.Method.invoke(Method.java:566)
		at org.apache.catalina.startup.Bootstrap.load(Bootstrap.java:307)
		at org.apache.catalina.startup.Bootstrap.main(Bootstrap.java:477)
	Caused by: java.net.BindException: Address already in use: bind
		at java.base/sun.nio.ch.Net.bind0(Native Method)
		at java.base/sun.nio.ch.Net.bind(Net.java:459)
		at java.base/sun.nio.ch.Net.bind(Net.java:448)
		at java.base/sun.nio.ch.ServerSocketChannelImpl.bind(ServerSocketChannelImpl.java:227)
		at org.apache.tomcat.util.net.NioEndpoint.initServerSocket(NioEndpoint.java:275)
		at org.apache.tomcat.util.net.NioEndpoint.bind(NioEndpoint.java:230)
		at org.apache.tomcat.util.net.AbstractEndpoint.bindWithCleanup(AbstractEndpoint.java:1227)
		at org.apache.tomcat.util.net.AbstractEndpoint.init(AbstractEndpoint.java:1240)
		at org.apache.coyote.AbstractProtocol.init(AbstractProtocol.java:604)
		at org.apache.coyote.http11.AbstractHttp11Protocol.init(AbstractHttp11Protocol.java:76)
		at org.apache.catalina.connector.Connector.initInternal(Connector.java:1047)
		... 13 more
22-Aug-2023 15:25:04.308 INFO [main] org.apache.catalina.startup.Catalina.load [392] 밀리초 내에 서버가 초기화되었습니다.
22-Aug-2023 15:25:04.350 INFO [main] org.apache.catalina.core.StandardService.startInternal 서비스 [Catalina]을(를) 시작합니다.
22-Aug-2023 15:25:04.351 INFO [main] org.apache.catalina.core.StandardEngine.startInternal 서버 엔진을 시작합니다: [Apache Tomcat/9.0.71]
22-Aug-2023 15:25:04.358 INFO [main] org.apache.catalina.startup.HostConfig.deployDirectory 웹 애플리케이션 디렉토리 [C:\jspworkspace\apache-tomcat-9.0.71\webapps\docs]을(를) 배치합니다.
22-Aug-2023 15:25:04.590 INFO [main] org.apache.catalina.startup.HostConfig.deployDirectory 웹 애플리케이션 디렉토리 [C:\jspworkspace\apache-tomcat-9.0.71\webapps\docs]에 대한 배치가 [230] 밀리초에 완료되었습니다.
22-Aug-2023 15:25:04.591 INFO [main] org.apache.catalina.startup.HostConfig.deployDirectory 웹 애플리케이션 디렉토리 [C:\jspworkspace\apache-tomcat-9.0.71\webapps\examples]을(를) 배치합니다.
22-Aug-2023 15:25:04.794 INFO [main] org.apache.catalina.startup.HostConfig.deployDirectory 웹 애플리케이션 디렉토리 [C:\jspworkspace\apache-tomcat-9.0.71\webapps\examples]에 대한 배치가 [203] 밀리초에 완료되었습니다.
22-Aug-2023 15:25:04.795 INFO [main] org.apache.catalina.startup.HostConfig.deployDirectory 웹 애플리케이션 디렉토리 [C:\jspworkspace\apache-tomcat-9.0.71\webapps\host-manager]을(를) 배치합니다.
22-Aug-2023 15:25:04.817 INFO [main] org.apache.catalina.startup.HostConfig.deployDirectory 웹 애플리케이션 디렉토리 [C:\jspworkspace\apache-tomcat-9.0.71\webapps\host-manager]에 대한 배치가 [22] 밀리초에 완료되었습니다.
22-Aug-2023 15:25:04.818 INFO [main] org.apache.catalina.startup.HostConfig.deployDirectory 웹 애플리케이션 디렉토리 [C:\jspworkspace\apache-tomcat-9.0.71\webapps\manager]을(를) 배치합니다.
22-Aug-2023 15:25:04.838 INFO [main] org.apache.catalina.startup.HostConfig.deployDirectory 웹 애플리케이션 디렉토리 [C:\jspworkspace\apache-tomcat-9.0.71\webapps\manager]에 대한 배치가 [20] 밀리초에 완료되었습니다.
22-Aug-2023 15:25:04.838 INFO [main] org.apache.catalina.startup.HostConfig.deployDirectory 웹 애플리케이션 디렉토리 [C:\jspworkspace\apache-tomcat-9.0.71\webapps\ROOT]을(를) 배치합니다.
22-Aug-2023 15:25:04.854 INFO [main] org.apache.catalina.startup.HostConfig.deployDirectory 웹 애플리케이션 디렉토리 [C:\jspworkspace\apache-tomcat-9.0.71\webapps\ROOT]에 대한 배치가 [16] 밀리초에 완료되었습니다.
22-Aug-2023 15:25:04.858 INFO [main] org.apache.catalina.startup.Catalina.start 서버가 [549] 밀리초 내에 시작되었습니다.
22-Aug-2023 15:25:04.863 SEVERE [main] org.apache.catalina.core.StandardServer.await 주소 [localhost]와(과) 포트 [8005]에, 서버 셧다운 소켓을 생성하지 못했습니다. (base 포트 [8005], offset [0])
	java.net.BindException: Address already in use: NET_Bind
		at java.base/java.net.PlainSocketImpl.bind0(Native Method)
		at java.base/java.net.PlainSocketImpl.socketBind(PlainSocketImpl.java:132)
		at java.base/java.net.AbstractPlainSocketImpl.bind(AbstractPlainSocketImpl.java:452)
		at java.base/java.net.ServerSocket.bind(ServerSocket.java:381)
		at java.base/java.net.ServerSocket.<init>(ServerSocket.java:243)
		at org.apache.catalina.core.StandardServer.await(StandardServer.java:580)
		at org.apache.catalina.startup.Catalina.await(Catalina.java:864)
		at org.apache.catalina.startup.Catalina.start(Catalina.java:810)
		at java.base/jdk.internal.reflect.NativeMethodAccessorImpl.invoke0(Native Method)
		at java.base/jdk.internal.reflect.NativeMethodAccessorImpl.invoke(NativeMethodAccessorImpl.java:62)
		at java.base/jdk.internal.reflect.DelegatingMethodAccessorImpl.invoke(DelegatingMethodAccessorImpl.java:43)
		at java.base/java.lang.reflect.Method.invoke(Method.java:566)
		at org.apache.catalina.startup.Bootstrap.start(Bootstrap.java:347)
		at org.apache.catalina.startup.Bootstrap.main(Bootstrap.java:478)
22-Aug-2023 15:25:04.864 INFO [main] org.apache.coyote.AbstractProtocol.pause 프로토콜 핸들러 ["http-nio-8080"]을(를) 일시 정지 중
22-Aug-2023 15:25:04.865 INFO [main] org.apache.catalina.core.StandardService.stopInternal 서비스 [Catalina]을(를) 중지시킵니다.
22-Aug-2023 15:25:04.879 INFO [main] org.apache.coyote.AbstractProtocol.stop 프로토콜 핸들러 ["http-nio-8080"]을(를) 중지시킵니다.
22-Aug-2023 15:25:04.881 INFO [main] org.apache.coyote.AbstractProtocol.destroy 프로토콜 핸들러 ["http-nio-8080"]을(를) 소멸시킵니다.
22-Aug-2023 15:25:10.913 INFO [main] org.apache.catalina.startup.VersionLoggerListener.log 서버 버전 이름:    Apache Tomcat/9.0.71
22-Aug-2023 15:25:10.916 INFO [main] org.apache.catalina.startup.VersionLoggerListener.log Server 빌드 시각:  Jan 9 2023 22:33:01 UTC
22-Aug-2023 15:25:10.916 INFO [main] org.apache.catalina.startup.VersionLoggerListener.log Server 버전 번호:  9.0.71.0
22-Aug-2023 15:25:10.917 INFO [main] org.apache.catalina.startup.VersionLoggerListener.log 운영체제 이름:     Windows 10
22-Aug-2023 15:25:10.917 INFO [main] org.apache.catalina.startup.VersionLoggerListener.log 운영체제 버전:     10.0
22-Aug-2023 15:25:10.917 INFO [main] org.apache.catalina.startup.VersionLoggerListener.log 아키텍처:          amd64
22-Aug-2023 15:25:10.917 INFO [main] org.apache.catalina.startup.VersionLoggerListener.log 자바 홈:           C:\Program Files\Java\jdk-11
22-Aug-2023 15:25:10.917 INFO [main] org.apache.catalina.startup.VersionLoggerListener.log JVM 버전:          11.0.19+9-LTS-224
22-Aug-2023 15:25:10.918 INFO [main] org.apache.catalina.startup.VersionLoggerListener.log JVM 벤더:          Oracle Corporation
22-Aug-2023 15:25:10.918 INFO [main] org.apache.catalina.startup.VersionLoggerListener.log CATALINA_BASE:     C:\jspworkspace\apache-tomcat-9.0.71
22-Aug-2023 15:25:10.918 INFO [main] org.apache.catalina.startup.VersionLoggerListener.log CATALINA_HOME:     C:\jspworkspace\apache-tomcat-9.0.71
22-Aug-2023 15:25:10.926 INFO [main] org.apache.catalina.startup.VersionLoggerListener.log 명령 행 아규먼트:  --add-opens=java.base/java.lang=ALL-UNNAMED
22-Aug-2023 15:25:10.927 INFO [main] org.apache.catalina.startup.VersionLoggerListener.log 명령 행 아규먼트:  --add-opens=java.base/java.io=ALL-UNNAMED
22-Aug-2023 15:25:10.927 INFO [main] org.apache.catalina.startup.VersionLoggerListener.log 명령 행 아규먼트:  --add-opens=java.base/java.util=ALL-UNNAMED
22-Aug-2023 15:25:10.927 INFO [main] org.apache.catalina.startup.VersionLoggerListener.log 명령 행 아규먼트:  --add-opens=java.base/java.util.concurrent=ALL-UNNAMED
22-Aug-2023 15:25:10.928 INFO [main] org.apache.catalina.startup.VersionLoggerListener.log 명령 행 아규먼트:  --add-opens=java.rmi/sun.rmi.transport=ALL-UNNAMED
22-Aug-2023 15:25:10.929 INFO [main] org.apache.catalina.startup.VersionLoggerListener.log 명령 행 아규먼트:  -Djava.util.logging.config.file=C:\jspworkspace\apache-tomcat-9.0.71\conf\logging.properties
22-Aug-2023 15:25:10.929 INFO [main] org.apache.catalina.startup.VersionLoggerListener.log 명령 행 아규먼트:  -Djava.util.logging.manager=org.apache.juli.ClassLoaderLogManager
22-Aug-2023 15:25:10.929 INFO [main] org.apache.catalina.startup.VersionLoggerListener.log 명령 행 아규먼트:  -Djdk.tls.ephemeralDHKeySize=2048
22-Aug-2023 15:25:10.930 INFO [main] org.apache.catalina.startup.VersionLoggerListener.log 명령 행 아규먼트:  -Djava.protocol.handler.pkgs=org.apache.catalina.webresources
22-Aug-2023 15:25:10.930 INFO [main] org.apache.catalina.startup.VersionLoggerListener.log 명령 행 아규먼트:  -Dignore.endorsed.dirs=
22-Aug-2023 15:25:10.930 INFO [main] org.apache.catalina.startup.VersionLoggerListener.log 명령 행 아규먼트:  -Dcatalina.base=C:\jspworkspace\apache-tomcat-9.0.71
22-Aug-2023 15:25:10.931 INFO [main] org.apache.catalina.startup.VersionLoggerListener.log 명령 행 아규먼트:  -Dcatalina.home=C:\jspworkspace\apache-tomcat-9.0.71
22-Aug-2023 15:25:10.932 INFO [main] org.apache.catalina.startup.VersionLoggerListener.log 명령 행 아규먼트:  -Djava.io.tmpdir=C:\jspworkspace\apache-tomcat-9.0.71\temp
22-Aug-2023 15:25:10.937 INFO [main] org.apache.catalina.core.AprLifecycleListener.lifecycleEvent 프로덕션 환경들에서 최적의 성능을 제공하는, APR 기반 Apache Tomcat Native 라이브러리가, 다음 java.library.path에서 발견되지 않습니다: [C:\Program Files\Java\jdk-11\bin;C:\Windows\Sun\Java\bin;C:\Windows\system32;C:\Windows;C:\Program Files\Common Files\Oracle\Java\javapath;C:\oraclexe\app\oracle\product\11.2.0\server\bin;;C:\Windows\system32;C:\Windows;C:\Windows\System32\Wbem;C:\Windows\System32\WindowsPowerShell\v1.0\;C:\Windows\System32\OpenSSH\;C:\Program Files\Git\cmd;C:\Users\it\AppData\Local\Microsoft\WindowsApps;;C:\Users\it\AppData\Local\Programs\Microsoft VS Code\bin;.]
22-Aug-2023 15:25:11.138 INFO [main] org.apache.coyote.AbstractProtocol.init 프로토콜 핸들러 ["http-nio-8080"]을(를) 초기화합니다.
22-Aug-2023 15:25:11.158 INFO [main] org.apache.catalina.startup.Catalina.load [405] 밀리초 내에 서버가 초기화되었습니다.
22-Aug-2023 15:25:11.203 INFO [main] org.apache.catalina.core.StandardService.startInternal 서비스 [Catalina]을(를) 시작합니다.
22-Aug-2023 15:25:11.205 INFO [main] org.apache.catalina.core.StandardEngine.startInternal 서버 엔진을 시작합니다: [Apache Tomcat/9.0.71]
22-Aug-2023 15:25:11.217 INFO [main] org.apache.catalina.startup.HostConfig.deployDirectory 웹 애플리케이션 디렉토리 [C:\jspworkspace\apache-tomcat-9.0.71\webapps\docs]을(를) 배치합니다.
22-Aug-2023 15:25:11.476 INFO [main] org.apache.catalina.startup.HostConfig.deployDirectory 웹 애플리케이션 디렉토리 [C:\jspworkspace\apache-tomcat-9.0.71\webapps\docs]에 대한 배치가 [258] 밀리초에 완료되었습니다.
22-Aug-2023 15:25:11.484 INFO [main] org.apache.catalina.startup.HostConfig.deployDirectory 웹 애플리케이션 디렉토리 [C:\jspworkspace\apache-tomcat-9.0.71\webapps\examples]을(를) 배치합니다.
22-Aug-2023 15:25:11.694 INFO [main] org.apache.catalina.startup.HostConfig.deployDirectory 웹 애플리케이션 디렉토리 [C:\jspworkspace\apache-tomcat-9.0.71\webapps\examples]에 대한 배치가 [210] 밀리초에 완료되었습니다.
22-Aug-2023 15:25:11.695 INFO [main] org.apache.catalina.startup.HostConfig.deployDirectory 웹 애플리케이션 디렉토리 [C:\jspworkspace\apache-tomcat-9.0.71\webapps\host-manager]을(를) 배치합니다.
22-Aug-2023 15:25:11.722 INFO [main] org.apache.catalina.startup.HostConfig.deployDirectory 웹 애플리케이션 디렉토리 [C:\jspworkspace\apache-tomcat-9.0.71\webapps\host-manager]에 대한 배치가 [26] 밀리초에 완료되었습니다.
22-Aug-2023 15:25:11.722 INFO [main] org.apache.catalina.startup.HostConfig.deployDirectory 웹 애플리케이션 디렉토리 [C:\jspworkspace\apache-tomcat-9.0.71\webapps\manager]을(를) 배치합니다.
22-Aug-2023 15:25:11.743 INFO [main] org.apache.catalina.startup.HostConfig.deployDirectory 웹 애플리케이션 디렉토리 [C:\jspworkspace\apache-tomcat-9.0.71\webapps\manager]에 대한 배치가 [21] 밀리초에 완료되었습니다.
22-Aug-2023 15:25:11.745 INFO [main] org.apache.catalina.startup.HostConfig.deployDirectory 웹 애플리케이션 디렉토리 [C:\jspworkspace\apache-tomcat-9.0.71\webapps\ROOT]을(를) 배치합니다.
22-Aug-2023 15:25:11.761 INFO [main] org.apache.catalina.startup.HostConfig.deployDirectory 웹 애플리케이션 디렉토리 [C:\jspworkspace\apache-tomcat-9.0.71\webapps\ROOT]에 대한 배치가 [16] 밀리초에 완료되었습니다.
22-Aug-2023 15:25:11.765 INFO [main] org.apache.coyote.AbstractProtocol.start 프로토콜 핸들러 ["http-nio-8080"]을(를) 시작합니다.
22-Aug-2023 15:25:11.803 INFO [main] org.apache.catalina.startup.Catalina.start 서버가 [644] 밀리초 내에 시작되었습니다.
22-Aug-2023 15:25:42.174 INFO [main] org.apache.catalina.startup.VersionLoggerListener.log 서버 버전 이름:    Apache Tomcat/9.0.71
22-Aug-2023 15:25:42.177 INFO [main] org.apache.catalina.startup.VersionLoggerListener.log Server 빌드 시각:  Jan 9 2023 22:33:01 UTC
22-Aug-2023 15:25:42.177 INFO [main] org.apache.catalina.startup.VersionLoggerListener.log Server 버전 번호:  9.0.71.0
22-Aug-2023 15:25:42.177 INFO [main] org.apache.catalina.startup.VersionLoggerListener.log 운영체제 이름:     Windows 10
22-Aug-2023 15:25:42.177 INFO [main] org.apache.catalina.startup.VersionLoggerListener.log 운영체제 버전:     10.0
22-Aug-2023 15:25:42.178 INFO [main] org.apache.catalina.startup.VersionLoggerListener.log 아키텍처:          amd64
22-Aug-2023 15:25:42.178 INFO [main] org.apache.catalina.startup.VersionLoggerListener.log 자바 홈:           C:\Program Files\Java\jdk-11
22-Aug-2023 15:25:42.178 INFO [main] org.apache.catalina.startup.VersionLoggerListener.log JVM 버전:          11.0.19+9-LTS-224
22-Aug-2023 15:25:42.178 INFO [main] org.apache.catalina.startup.VersionLoggerListener.log JVM 벤더:          Oracle Corporation
22-Aug-2023 15:25:42.178 INFO [main] org.apache.catalina.startup.VersionLoggerListener.log CATALINA_BASE:     C:\jspworkspace\apache-tomcat-9.0.71
22-Aug-2023 15:25:42.178 INFO [main] org.apache.catalina.startup.VersionLoggerListener.log CATALINA_HOME:     C:\jspworkspace\apache-tomcat-9.0.71
22-Aug-2023 15:25:42.185 INFO [main] org.apache.catalina.startup.VersionLoggerListener.log 명령 행 아규먼트:  --add-opens=java.base/java.lang=ALL-UNNAMED
22-Aug-2023 15:25:42.186 INFO [main] org.apache.catalina.startup.VersionLoggerListener.log 명령 행 아규먼트:  --add-opens=java.base/java.io=ALL-UNNAMED
22-Aug-2023 15:25:42.186 INFO [main] org.apache.catalina.startup.VersionLoggerListener.log 명령 행 아규먼트:  --add-opens=java.base/java.util=ALL-UNNAMED
22-Aug-2023 15:25:42.186 INFO [main] org.apache.catalina.startup.VersionLoggerListener.log 명령 행 아규먼트:  --add-opens=java.base/java.util.concurrent=ALL-UNNAMED
22-Aug-2023 15:25:42.186 INFO [main] org.apache.catalina.startup.VersionLoggerListener.log 명령 행 아규먼트:  --add-opens=java.rmi/sun.rmi.transport=ALL-UNNAMED
22-Aug-2023 15:25:42.187 INFO [main] org.apache.catalina.startup.VersionLoggerListener.log 명령 행 아규먼트:  -Djava.util.logging.config.file=C:\jspworkspace\apache-tomcat-9.0.71\conf\logging.properties
22-Aug-2023 15:25:42.187 INFO [main] org.apache.catalina.startup.VersionLoggerListener.log 명령 행 아규먼트:  -Djava.util.logging.manager=org.apache.juli.ClassLoaderLogManager
22-Aug-2023 15:25:42.187 INFO [main] org.apache.catalina.startup.VersionLoggerListener.log 명령 행 아규먼트:  -Djdk.tls.ephemeralDHKeySize=2048
22-Aug-2023 15:25:42.187 INFO [main] org.apache.catalina.startup.VersionLoggerListener.log 명령 행 아규먼트:  -Djava.protocol.handler.pkgs=org.apache.catalina.webresources
22-Aug-2023 15:25:42.187 INFO [main] org.apache.catalina.startup.VersionLoggerListener.log 명령 행 아규먼트:  -Dignore.endorsed.dirs=
22-Aug-2023 15:25:42.188 INFO [main] org.apache.catalina.startup.VersionLoggerListener.log 명령 행 아규먼트:  -Dcatalina.base=C:\jspworkspace\apache-tomcat-9.0.71
22-Aug-2023 15:25:42.188 INFO [main] org.apache.catalina.startup.VersionLoggerListener.log 명령 행 아규먼트:  -Dcatalina.home=C:\jspworkspace\apache-tomcat-9.0.71
22-Aug-2023 15:25:42.188 INFO [main] org.apache.catalina.startup.VersionLoggerListener.log 명령 행 아규먼트:  -Djava.io.tmpdir=C:\jspworkspace\apache-tomcat-9.0.71\temp
22-Aug-2023 15:25:42.193 INFO [main] org.apache.catalina.core.AprLifecycleListener.lifecycleEvent 프로덕션 환경들에서 최적의 성능을 제공하는, APR 기반 Apache Tomcat Native 라이브러리가, 다음 java.library.path에서 발견되지 않습니다: [C:\Program Files\Java\jdk-11\bin;C:\Windows\Sun\Java\bin;C:\Windows\system32;C:\Windows;C:\Program Files\Common Files\Oracle\Java\javapath;C:\oraclexe\app\oracle\product\11.2.0\server\bin;;C:\Windows\system32;C:\Windows;C:\Windows\System32\Wbem;C:\Windows\System32\WindowsPowerShell\v1.0\;C:\Windows\System32\OpenSSH\;C:\Program Files\Git\cmd;C:\Users\it\AppData\Local\Microsoft\WindowsApps;;C:\Users\it\AppData\Local\Programs\Microsoft VS Code\bin;.]
22-Aug-2023 15:25:42.395 INFO [main] org.apache.coyote.AbstractProtocol.init 프로토콜 핸들러 ["http-nio-8080"]을(를) 초기화합니다.
22-Aug-2023 15:25:42.414 INFO [main] org.apache.catalina.startup.Catalina.load [396] 밀리초 내에 서버가 초기화되었습니다.
22-Aug-2023 15:25:42.455 INFO [main] org.apache.catalina.core.StandardService.startInternal 서비스 [Catalina]을(를) 시작합니다.
22-Aug-2023 15:25:42.457 INFO [main] org.apache.catalina.core.StandardEngine.startInternal 서버 엔진을 시작합니다: [Apache Tomcat/9.0.71]
22-Aug-2023 15:25:42.464 INFO [main] org.apache.catalina.startup.HostConfig.deployDirectory 웹 애플리케이션 디렉토리 [C:\jspworkspace\apache-tomcat-9.0.71\webapps\docs]을(를) 배치합니다.
22-Aug-2023 15:25:42.694 INFO [main] org.apache.catalina.startup.HostConfig.deployDirectory 웹 애플리케이션 디렉토리 [C:\jspworkspace\apache-tomcat-9.0.71\webapps\docs]에 대한 배치가 [229] 밀리초에 완료되었습니다.
22-Aug-2023 15:25:42.696 INFO [main] org.apache.catalina.startup.HostConfig.deployDirectory 웹 애플리케이션 디렉토리 [C:\jspworkspace\apache-tomcat-9.0.71\webapps\examples]을(를) 배치합니다.
22-Aug-2023 15:25:42.895 INFO [main] org.apache.catalina.startup.HostConfig.deployDirectory 웹 애플리케이션 디렉토리 [C:\jspworkspace\apache-tomcat-9.0.71\webapps\examples]에 대한 배치가 [199] 밀리초에 완료되었습니다.
22-Aug-2023 15:25:42.896 INFO [main] org.apache.catalina.startup.HostConfig.deployDirectory 웹 애플리케이션 디렉토리 [C:\jspworkspace\apache-tomcat-9.0.71\webapps\host-manager]을(를) 배치합니다.
22-Aug-2023 15:25:42.919 INFO [main] org.apache.catalina.startup.HostConfig.deployDirectory 웹 애플리케이션 디렉토리 [C:\jspworkspace\apache-tomcat-9.0.71\webapps\host-manager]에 대한 배치가 [23] 밀리초에 완료되었습니다.
22-Aug-2023 15:25:42.920 INFO [main] org.apache.catalina.startup.HostConfig.deployDirectory 웹 애플리케이션 디렉토리 [C:\jspworkspace\apache-tomcat-9.0.71\webapps\manager]을(를) 배치합니다.
22-Aug-2023 15:25:42.939 INFO [main] org.apache.catalina.startup.HostConfig.deployDirectory 웹 애플리케이션 디렉토리 [C:\jspworkspace\apache-tomcat-9.0.71\webapps\manager]에 대한 배치가 [19] 밀리초에 완료되었습니다.
22-Aug-2023 15:25:42.940 INFO [main] org.apache.catalina.startup.HostConfig.deployDirectory 웹 애플리케이션 디렉토리 [C:\jspworkspace\apache-tomcat-9.0.71\webapps\ROOT]을(를) 배치합니다.
22-Aug-2023 15:25:42.955 INFO [main] org.apache.catalina.startup.HostConfig.deployDirectory 웹 애플리케이션 디렉토리 [C:\jspworkspace\apache-tomcat-9.0.71\webapps\ROOT]에 대한 배치가 [15] 밀리초에 완료되었습니다.
22-Aug-2023 15:25:42.959 INFO [main] org.apache.coyote.AbstractProtocol.start 프로토콜 핸들러 ["http-nio-8080"]을(를) 시작합니다.
22-Aug-2023 15:25:42.997 INFO [main] org.apache.catalina.startup.Catalina.start 서버가 [581] 밀리초 내에 시작되었습니다.
22-Aug-2023 15:57:04.609 INFO [main] org.apache.catalina.startup.VersionLoggerListener.log 서버 버전 이름:    Apache Tomcat/9.0.71
22-Aug-2023 15:57:04.612 INFO [main] org.apache.catalina.startup.VersionLoggerListener.log Server 빌드 시각:  Jan 9 2023 22:33:01 UTC
22-Aug-2023 15:57:04.612 INFO [main] org.apache.catalina.startup.VersionLoggerListener.log Server 버전 번호:  9.0.71.0
22-Aug-2023 15:57:04.612 INFO [main] org.apache.catalina.startup.VersionLoggerListener.log 운영체제 이름:     Windows 10
22-Aug-2023 15:57:04.612 INFO [main] org.apache.catalina.startup.VersionLoggerListener.log 운영체제 버전:     10.0
22-Aug-2023 15:57:04.613 INFO [main] org.apache.catalina.startup.VersionLoggerListener.log 아키텍처:          amd64
22-Aug-2023 15:57:04.613 INFO [main] org.apache.catalina.startup.VersionLoggerListener.log 자바 홈:           C:\Program Files\Java\jdk-11
22-Aug-2023 15:57:04.613 INFO [main] org.apache.catalina.startup.VersionLoggerListener.log JVM 버전:          11.0.19+9-LTS-224
22-Aug-2023 15:57:04.613 INFO [main] org.apache.catalina.startup.VersionLoggerListener.log JVM 벤더:          Oracle Corporation
22-Aug-2023 15:57:04.613 INFO [main] org.apache.catalina.startup.VersionLoggerListener.log CATALINA_BASE:     C:\jspworkspace\apache-tomcat-9.0.71
22-Aug-2023 15:57:04.613 INFO [main] org.apache.catalina.startup.VersionLoggerListener.log CATALINA_HOME:     C:\jspworkspace\apache-tomcat-9.0.71
22-Aug-2023 15:57:04.621 INFO [main] org.apache.catalina.startup.VersionLoggerListener.log 명령 행 아규먼트:  --add-opens=java.base/java.lang=ALL-UNNAMED
22-Aug-2023 15:57:04.621 INFO [main] org.apache.catalina.startup.VersionLoggerListener.log 명령 행 아규먼트:  --add-opens=java.base/java.io=ALL-UNNAMED
22-Aug-2023 15:57:04.621 INFO [main] org.apache.catalina.startup.VersionLoggerListener.log 명령 행 아규먼트:  --add-opens=java.base/java.util=ALL-UNNAMED
22-Aug-2023 15:57:04.621 INFO [main] org.apache.catalina.startup.VersionLoggerListener.log 명령 행 아규먼트:  --add-opens=java.base/java.util.concurrent=ALL-UNNAMED
22-Aug-2023 15:57:04.622 INFO [main] org.apache.catalina.startup.VersionLoggerListener.log 명령 행 아규먼트:  --add-opens=java.rmi/sun.rmi.transport=ALL-UNNAMED
22-Aug-2023 15:57:04.622 INFO [main] org.apache.catalina.startup.VersionLoggerListener.log 명령 행 아규먼트:  -Djava.util.logging.config.file=C:\jspworkspace\apache-tomcat-9.0.71\conf\logging.properties
22-Aug-2023 15:57:04.622 INFO [main] org.apache.catalina.startup.VersionLoggerListener.log 명령 행 아규먼트:  -Djava.util.logging.manager=org.apache.juli.ClassLoaderLogManager
22-Aug-2023 15:57:04.623 INFO [main] org.apache.catalina.startup.VersionLoggerListener.log 명령 행 아규먼트:  -Djdk.tls.ephemeralDHKeySize=2048
22-Aug-2023 15:57:04.623 INFO [main] org.apache.catalina.startup.VersionLoggerListener.log 명령 행 아규먼트:  -Djava.protocol.handler.pkgs=org.apache.catalina.webresources
22-Aug-2023 15:57:04.623 INFO [main] org.apache.catalina.startup.VersionLoggerListener.log 명령 행 아규먼트:  -Dignore.endorsed.dirs=
22-Aug-2023 15:57:04.623 INFO [main] org.apache.catalina.startup.VersionLoggerListener.log 명령 행 아규먼트:  -Dcatalina.base=C:\jspworkspace\apache-tomcat-9.0.71
22-Aug-2023 15:57:04.623 INFO [main] org.apache.catalina.startup.VersionLoggerListener.log 명령 행 아규먼트:  -Dcatalina.home=C:\jspworkspace\apache-tomcat-9.0.71
22-Aug-2023 15:57:04.624 INFO [main] org.apache.catalina.startup.VersionLoggerListener.log 명령 행 아규먼트:  -Djava.io.tmpdir=C:\jspworkspace\apache-tomcat-9.0.71\temp
22-Aug-2023 15:57:04.628 INFO [main] org.apache.catalina.core.AprLifecycleListener.lifecycleEvent 프로덕션 환경들에서 최적의 성능을 제공하는, APR 기반 Apache Tomcat Native 라이브러리가, 다음 java.library.path에서 발견되지 않습니다: [C:\Program Files\Java\jdk-11\bin;C:\Windows\Sun\Java\bin;C:\Windows\system32;C:\Windows;C:\Program Files\Common Files\Oracle\Java\javapath;C:\oraclexe\app\oracle\product\11.2.0\server\bin;;C:\Windows\system32;C:\Windows;C:\Windows\System32\Wbem;C:\Windows\System32\WindowsPowerShell\v1.0\;C:\Windows\System32\OpenSSH\;C:\Program Files\Git\cmd;C:\Users\it\AppData\Local\Microsoft\WindowsApps;;C:\Users\it\AppData\Local\Programs\Microsoft VS Code\bin;.]
22-Aug-2023 15:57:04.830 INFO [main] org.apache.coyote.AbstractProtocol.init 프로토콜 핸들러 ["http-nio-8080"]을(를) 초기화합니다.
22-Aug-2023 15:57:04.848 INFO [main] org.apache.catalina.startup.Catalina.load [392] 밀리초 내에 서버가 초기화되었습니다.
22-Aug-2023 15:57:04.889 INFO [main] org.apache.catalina.core.StandardService.startInternal 서비스 [Catalina]을(를) 시작합니다.
22-Aug-2023 15:57:04.891 INFO [main] org.apache.catalina.core.StandardEngine.startInternal 서버 엔진을 시작합니다: [Apache Tomcat/9.0.71]
22-Aug-2023 15:57:04.898 INFO [main] org.apache.catalina.startup.HostConfig.deployDirectory 웹 애플리케이션 디렉토리 [C:\jspworkspace\apache-tomcat-9.0.71\webapps\docs]을(를) 배치합니다.
22-Aug-2023 15:57:05.128 INFO [main] org.apache.catalina.startup.HostConfig.deployDirectory 웹 애플리케이션 디렉토리 [C:\jspworkspace\apache-tomcat-9.0.71\webapps\docs]에 대한 배치가 [229] 밀리초에 완료되었습니다.
22-Aug-2023 15:57:05.131 INFO [main] org.apache.catalina.startup.HostConfig.deployDirectory 웹 애플리케이션 디렉토리 [C:\jspworkspace\apache-tomcat-9.0.71\webapps\examples]을(를) 배치합니다.
22-Aug-2023 15:57:05.340 INFO [main] org.apache.catalina.startup.HostConfig.deployDirectory 웹 애플리케이션 디렉토리 [C:\jspworkspace\apache-tomcat-9.0.71\webapps\examples]에 대한 배치가 [209] 밀리초에 완료되었습니다.
22-Aug-2023 15:57:05.341 INFO [main] org.apache.catalina.startup.HostConfig.deployDirectory 웹 애플리케이션 디렉토리 [C:\jspworkspace\apache-tomcat-9.0.71\webapps\host-manager]을(를) 배치합니다.
22-Aug-2023 15:57:05.365 INFO [main] org.apache.catalina.startup.HostConfig.deployDirectory 웹 애플리케이션 디렉토리 [C:\jspworkspace\apache-tomcat-9.0.71\webapps\host-manager]에 대한 배치가 [24] 밀리초에 완료되었습니다.
22-Aug-2023 15:57:05.366 INFO [main] org.apache.catalina.startup.HostConfig.deployDirectory 웹 애플리케이션 디렉토리 [C:\jspworkspace\apache-tomcat-9.0.71\webapps\manager]을(를) 배치합니다.
22-Aug-2023 15:57:05.386 INFO [main] org.apache.catalina.startup.HostConfig.deployDirectory 웹 애플리케이션 디렉토리 [C:\jspworkspace\apache-tomcat-9.0.71\webapps\manager]에 대한 배치가 [20] 밀리초에 완료되었습니다.
22-Aug-2023 15:57:05.387 INFO [main] org.apache.catalina.startup.HostConfig.deployDirectory 웹 애플리케이션 디렉토리 [C:\jspworkspace\apache-tomcat-9.0.71\webapps\ROOT]을(를) 배치합니다.
22-Aug-2023 15:57:05.403 INFO [main] org.apache.catalina.startup.HostConfig.deployDirectory 웹 애플리케이션 디렉토리 [C:\jspworkspace\apache-tomcat-9.0.71\webapps\ROOT]에 대한 배치가 [16] 밀리초에 완료되었습니다.
22-Aug-2023 15:57:05.406 INFO [main] org.apache.coyote.AbstractProtocol.start 프로토콜 핸들러 ["http-nio-8080"]을(를) 시작합니다.
22-Aug-2023 15:57:05.444 INFO [main] org.apache.catalina.startup.Catalina.start 서버가 [595] 밀리초 내에 시작되었습니다.
